<?xml version="1.0" encoding="UTF-8"?>
<!-- Generated by org.testng.reporters.JUnitXMLReporter -->
<testsuite ignored="5" hostname="Aina" failures="0" tests="1" name="Test_sanity_pack" time="0.213" errors="0" timestamp="2023-02-12T07:51:16 EST">
  <testcase classname="writesampletestcase.GoogleTest" name="googleTitleTest" time="0.016"/>
  <testcase classname="writesampletestcase.GoogleTest" name="googleLogoTest" time="0.0">
    <ignored/>
  </testcase> <!-- googleLogoTest -->
  <testcase classname="writesampletestcase.GoogleTest" name="test1" time="0.0">
    <ignored/>
  </testcase> <!-- test1 -->
  <testcase classname="writesampletestcase.GoogleTest" name="test3" time="0.0">
    <ignored/>
  </testcase> <!-- test3 -->
  <testcase classname="writesampletestcase.GoogleTest" name="mailLinkTest" time="0.0">
    <ignored/>
  </testcase> <!-- mailLinkTest -->
  <testcase classname="writesampletestcase.GoogleTest" name="test2" time="0.0">
    <ignored/>
  </testcase> <!-- test2 -->
</testsuite> <!-- Test_sanity_pack -->
